  GetSuffix.cpp
SPIRV.lib(GlslangToSpv.obj) : error LNK2038: mismatch detected for 'RuntimeLibrary': value 'MD_DynamicRelease' doesn't match value 'MT_StaticRelease' in Pch.obj
SPIRV.lib(Logger.obj) : error LNK2038: mismatch detected for 'RuntimeLibrary': value 'MD_DynamicRelease' doesn't match value 'MT_StaticRelease' in Pch.obj
SPIRV.lib(SpvBuilder.obj) : error LNK2038: mismatch detected for 'RuntimeLibrary': value 'MD_DynamicRelease' doesn't match value 'MT_StaticRelease' in Pch.obj
SPIRV.lib(SpvPostProcess.obj) : error LNK2038: mismatch detected for 'RuntimeLibrary': value 'MD_DynamicRelease' doesn't match value 'MT_StaticRelease' in Pch.obj
SPIRV.lib(InReadableOrder.obj) : error LNK2038: mismatch detected for 'RuntimeLibrary': value 'MD_DynamicRelease' doesn't match value 'MT_StaticRelease' in Pch.obj
MachineIndependent.lib(ShaderLang.obj) : error LNK2038: mismatch detected for 'RuntimeLibrary': value 'MD_DynamicRelease' doesn't match value 'MT_StaticRelease' in Pch.obj
MachineIndependent.lib(PoolAlloc.obj) : error LNK2038: mismatch detected for 'RuntimeLibrary': value 'MD_DynamicRelease' doesn't match value 'MT_StaticRelease' in Pch.obj
MachineIndependent.lib(linkValidate.obj) : error LNK2038: mismatch detected for 'RuntimeLibrary': value 'MD_DynamicRelease' doesn't match value 'MT_StaticRelease' in Pch.obj
MachineIndependent.lib(Versions.obj) : error LNK2038: mismatch detected for 'RuntimeLibrary': value 'MD_DynamicRelease' doesn't match value 'MT_StaticRelease' in Pch.obj
MachineIndependent.lib(InfoSink.obj) : error LNK2038: mismatch detected for 'RuntimeLibrary': value 'MD_DynamicRelease' doesn't match value 'MT_StaticRelease' in Pch.obj
MachineIndependent.lib(SymbolTable.obj) : error LNK2038: mismatch detected for 'RuntimeLibrary': value 'MD_DynamicRelease' doesn't match value 'MT_StaticRelease' in Pch.obj
MachineIndependent.lib(Scan.obj) : error LNK2038: mismatch detected for 'RuntimeLibrary': value 'MD_DynamicRelease' doesn't match value 'MT_StaticRelease' in Pch.obj
MachineIndependent.lib(Intermediate.obj) : error LNK2038: mismatch detected for 'RuntimeLibrary': value 'MD_DynamicRelease' doesn't match value 'MT_StaticRelease' in Pch.obj
MachineIndependent.lib(intermOut.obj) : error LNK2038: mismatch detected for 'RuntimeLibrary': value 'MD_DynamicRelease' doesn't match value 'MT_StaticRelease' in Pch.obj
MachineIndependent.lib(ParseHelper.obj) : error LNK2038: mismatch detected for 'RuntimeLibrary': value 'MD_DynamicRelease' doesn't match value 'MT_StaticRelease' in Pch.obj
MachineIndependent.lib(hlslParseHelper.obj) : error LNK2038: mismatch detected for 'RuntimeLibrary': value 'MD_DynamicRelease' doesn't match value 'MT_StaticRelease' in Pch.obj
MachineIndependent.lib(Initialize.obj) : error LNK2038: mismatch detected for 'RuntimeLibrary': value 'MD_DynamicRelease' doesn't match value 'MT_StaticRelease' in Pch.obj
MachineIndependent.lib(hlslParseables.obj) : error LNK2038: mismatch detected for 'RuntimeLibrary': value 'MD_DynamicRelease' doesn't match value 'MT_StaticRelease' in Pch.obj
MachineIndependent.lib(hlslScanContext.obj) : error LNK2038: mismatch detected for 'RuntimeLibrary': value 'MD_DynamicRelease' doesn't match value 'MT_StaticRelease' in Pch.obj
MachineIndependent.lib(PpContext.obj) : error LNK2038: mismatch detected for 'RuntimeLibrary': value 'MD_DynamicRelease' doesn't match value 'MT_StaticRelease' in Pch.obj
MachineIndependent.lib(PpScanner.obj) : error LNK2038: mismatch detected for 'RuntimeLibrary': value 'MD_DynamicRelease' doesn't match value 'MT_StaticRelease' in Pch.obj
MachineIndependent.lib(reflection.obj) : error LNK2038: mismatch detected for 'RuntimeLibrary': value 'MD_DynamicRelease' doesn't match value 'MT_StaticRelease' in Pch.obj
MachineIndependent.lib(iomapper.obj) : error LNK2038: mismatch detected for 'RuntimeLibrary': value 'MD_DynamicRelease' doesn't match value 'MT_StaticRelease' in Pch.obj
MachineIndependent.lib(cmake_pch.obj) : error LNK2038: mismatch detected for 'RuntimeLibrary': value 'MD_DynamicRelease' doesn't match value 'MT_StaticRelease' in Pch.obj
MachineIndependent.lib(IntermTraverse.obj) : error LNK2038: mismatch detected for 'RuntimeLibrary': value 'MD_DynamicRelease' doesn't match value 'MT_StaticRelease' in Pch.obj
MachineIndependent.lib(Constant.obj) : error LNK2038: mismatch detected for 'RuntimeLibrary': value 'MD_DynamicRelease' doesn't match value 'MT_StaticRelease' in Pch.obj
MachineIndependent.lib(RemoveTree.obj) : error LNK2038: mismatch detected for 'RuntimeLibrary': value 'MD_DynamicRelease' doesn't match value 'MT_StaticRelease' in Pch.obj
MachineIndependent.lib(propagateNoContraction.obj) : error LNK2038: mismatch detected for 'RuntimeLibrary': value 'MD_DynamicRelease' doesn't match value 'MT_StaticRelease' in Pch.obj
MachineIndependent.lib(ParseContextBase.obj) : error LNK2038: mismatch detected for 'RuntimeLibrary': value 'MD_DynamicRelease' doesn't match value 'MT_StaticRelease' in Pch.obj
MachineIndependent.lib(limits.obj) : error LNK2038: mismatch detected for 'RuntimeLibrary': value 'MD_DynamicRelease' doesn't match value 'MT_StaticRelease' in Pch.obj
MachineIndependent.lib(glslang_tab.obj) : error LNK2038: mismatch detected for 'RuntimeLibrary': value 'MD_DynamicRelease' doesn't match value 'MT_StaticRelease' in Pch.obj
MachineIndependent.lib(attribute.obj) : error LNK2038: mismatch detected for 'RuntimeLibrary': value 'MD_DynamicRelease' doesn't match value 'MT_StaticRelease' in Pch.obj
MachineIndependent.lib(hlslGrammar.obj) : error LNK2038: mismatch detected for 'RuntimeLibrary': value 'MD_DynamicRelease' doesn't match value 'MT_StaticRelease' in Pch.obj
MachineIndependent.lib(PpAtom.obj) : error LNK2038: mismatch detected for 'RuntimeLibrary': value 'MD_DynamicRelease' doesn't match value 'MT_StaticRelease' in Pch.obj
MachineIndependent.lib(Pp.obj) : error LNK2038: mismatch detected for 'RuntimeLibrary': value 'MD_DynamicRelease' doesn't match value 'MT_StaticRelease' in Pch.obj
MachineIndependent.lib(parseConst.obj) : error LNK2038: mismatch detected for 'RuntimeLibrary': value 'MD_DynamicRelease' doesn't match value 'MT_StaticRelease' in Pch.obj
MachineIndependent.lib(hlslAttributes.obj) : error LNK2038: mismatch detected for 'RuntimeLibrary': value 'MD_DynamicRelease' doesn't match value 'MT_StaticRelease' in Pch.obj
MachineIndependent.lib(hlslOpMap.obj) : error LNK2038: mismatch detected for 'RuntimeLibrary': value 'MD_DynamicRelease' doesn't match value 'MT_StaticRelease' in Pch.obj
MachineIndependent.lib(hlslTokenStream.obj) : error LNK2038: mismatch detected for 'RuntimeLibrary': value 'MD_DynamicRelease' doesn't match value 'MT_StaticRelease' in Pch.obj
MachineIndependent.lib(PpTokens.obj) : error LNK2038: mismatch detected for 'RuntimeLibrary': value 'MD_DynamicRelease' doesn't match value 'MT_StaticRelease' in Pch.obj
OGLCompiler.lib(InitializeDll.obj) : error LNK2038: mismatch detected for 'RuntimeLibrary': value 'MD_DynamicRelease' doesn't match value 'MT_StaticRelease' in Pch.obj
OSDependent.lib(ossource.obj) : error LNK2038: mismatch detected for 'RuntimeLibrary': value 'MD_DynamicRelease' doesn't match value 'MT_StaticRelease' in Pch.obj
GenericCodeGen.lib(CodeGen.obj) : error LNK2038: mismatch detected for 'RuntimeLibrary': value 'MD_DynamicRelease' doesn't match value 'MT_StaticRelease' in Pch.obj
GenericCodeGen.lib(Link.obj) : error LNK2038: mismatch detected for 'RuntimeLibrary': value 'MD_DynamicRelease' doesn't match value 'MT_StaticRelease' in Pch.obj
msvcprt.lib(MSVCP140.dll) : error LNK2005: "public: __cdecl std::_Lockit::_Lockit(int)" (??0_Lockit@std@@QEAA@H@Z) already defined in libcpmt.lib(xlock.obj)
msvcprt.lib(MSVCP140.dll) : error LNK2005: "public: __cdecl std::_Lockit::~_Lockit(void)" (??1_Lockit@std@@QEAA@XZ) already defined in libcpmt.lib(xlock.obj)
msvcprt.lib(MSVCP140.dll) : error LNK2005: "public: struct _Cvtvec __cdecl std::_Locinfo::_Getcvt(void)const " (?_Getcvt@_Locinfo@std@@QEBA?AU_Cvtvec@@XZ) already defined in libcpmt.lib(locale.obj)
msvcprt.lib(MSVCP140.dll) : error LNK2005: "public: unsigned short const * __cdecl std::_Locinfo::_W_Getdays(void)const " (?_W_Getdays@_Locinfo@std@@QEBAPEBGXZ) already defined in libcpmt.lib(wlocale.obj)
msvcprt.lib(MSVCP140.dll) : error LNK2005: "public: unsigned short const * __cdecl std::_Locinfo::_W_Getmonths(void)const " (?_W_Getmonths@_Locinfo@std@@QEBAPEBGXZ) already defined in libcpmt.lib(wlocale.obj)
msvcprt.lib(MSVCP140.dll) : error LNK2005: "public: __cdecl std::locale::id::operator unsigned __int64(void)" (??Bid@locale@std@@QEAA_KXZ) already defined in libcpmt.lib(cout.obj)
msvcprt.lib(MSVCP140.dll) : error LNK2005: "public: bool __cdecl std::codecvt_base::always_noconv(void)const " (?always_noconv@codecvt_base@std@@QEBA_NXZ) already defined in libcpmt.lib(cout.obj)
msvcprt.lib(MSVCP140.dll) : error LNK2005: "public: int __cdecl std::codecvt<char,char,struct _Mbstatet>::in(struct _Mbstatet &,char const *,char const *,char const * &,char *,char *,char * &)const " (?in@?$codecvt@DDU_Mbstatet@@@std@@QEBAHAEAU_Mbstatet@@PEBD1AEAPEBDPEAD3AEAPEAD@Z) already defined in libcpmt.lib(cout.obj)
msvcprt.lib(MSVCP140.dll) : error LNK2005: "public: int __cdecl std::codecvt<char,char,struct _Mbstatet>::out(struct _Mbstatet &,char const *,char const *,char const * &,char *,char *,char * &)const " (?out@?$codecvt@DDU_Mbstatet@@@std@@QEBAHAEAU_Mbstatet@@PEBD1AEAPEBDPEAD3AEAPEAD@Z) already defined in libcpmt.lib(cout.obj)
msvcprt.lib(MSVCP140.dll) : error LNK2005: "public: int __cdecl std::codecvt<char,char,struct _Mbstatet>::unshift(struct _Mbstatet &,char *,char *,char * &)const " (?unshift@?$codecvt@DDU_Mbstatet@@@std@@QEBAHAEAU_Mbstatet@@PEAD1AEAPEAD@Z) already defined in libcpmt.lib(cout.obj)
msvcprt.lib(MSVCP140.dll) : error LNK2005: "public: static unsigned __int64 __cdecl std::codecvt<char,char,struct _Mbstatet>::_Getcat(class std::locale::facet const * *,class std::locale const *)" (?_Getcat@?$codecvt@DDU_Mbstatet@@@std@@SA_KPEAPEBVfacet@locale@2@PEBV42@@Z) already defined in libcpmt.lib(cout.obj)
msvcprt.lib(MSVCP140.dll) : error LNK2005: "protected: __cdecl std::basic_streambuf<char,struct std::char_traits<char> >::basic_streambuf<char,struct std::char_traits<char> >(void)" (??0?$basic_streambuf@DU?$char_traits@D@std@@@std@@IEAA@XZ) already defined in libcpmt.lib(cout.obj)
msvcprt.lib(MSVCP140.dll) : error LNK2005: "public: virtual __cdecl std::basic_streambuf<char,struct std::char_traits<char> >::~basic_streambuf<char,struct std::char_traits<char> >(void)" (??1?$basic_streambuf@DU?$char_traits@D@std@@@std@@UEAA@XZ) already defined in libcpmt.lib(cout.obj)
msvcprt.lib(MSVCP140.dll) : error LNK2005: "public: int __cdecl std::basic_streambuf<char,struct std::char_traits<char> >::sputc(char)" (?sputc@?$basic_streambuf@DU?$char_traits@D@std@@@std@@QEAAHD@Z) already defined in libcpmt.lib(locale.obj)
msvcprt.lib(MSVCP140.dll) : error LNK2005: "protected: char * __cdecl std::basic_streambuf<char,struct std::char_traits<char> >::_Gninc(void)" (?_Gninc@?$basic_streambuf@DU?$char_traits@D@std@@@std@@IEAAPEADXZ) already defined in libcpmt.lib(cout.obj)
msvcprt.lib(MSVCP140.dll) : error LNK2005: "protected: char * __cdecl std::basic_streambuf<char,struct std::char_traits<char> >::_Pninc(void)" (?_Pninc@?$basic_streambuf@DU?$char_traits@D@std@@@std@@IEAAPEADXZ) already defined in libcpmt.lib(cout.obj)
msvcprt.lib(MSVCP140.dll) : error LNK2005: "protected: void __cdecl std::basic_streambuf<char,struct std::char_traits<char> >::_Init(void)" (?_Init@?$basic_streambuf@DU?$char_traits@D@std@@@std@@IEAAXXZ) already defined in libcpmt.lib(cout.obj)
msvcprt.lib(MSVCP140.dll) : error LNK2005: "protected: virtual __int64 __cdecl std::basic_streambuf<char,struct std::char_traits<char> >::xsgetn(char *,__int64)" (?xsgetn@?$basic_streambuf@DU?$char_traits@D@std@@@std@@MEAA_JPEAD_J@Z) already defined in libcpmt.lib(cout.obj)
msvcprt.lib(MSVCP140.dll) : error LNK2005: "protected: virtual __int64 __cdecl std::basic_streambuf<char,struct std::char_traits<char> >::xsputn(char const *,__int64)" (?xsputn@?$basic_streambuf@DU?$char_traits@D@std@@@std@@MEAA_JPEBD_J@Z) already defined in libcpmt.lib(cout.obj)
msvcprt.lib(MSVCP140.dll) : error LNK2005: "public: virtual __cdecl std::basic_ios<char,struct std::char_traits<char> >::~basic_ios<char,struct std::char_traits<char> >(void)" (??1?$basic_ios@DU?$char_traits@D@std@@@std@@UEAA@XZ) already defined in libcpmt.lib(cout.obj)
msvcprt.lib(MSVCP140.dll) : error LNK2005: "public: void __cdecl std::basic_ios<char,struct std::char_traits<char> >::clear(int,bool)" (?clear@?$basic_ios@DU?$char_traits@D@std@@@std@@QEAAXH_N@Z) already defined in libcpmt.lib(cout.obj)
msvcprt.lib(MSVCP140.dll) : error LNK2005: "public: void __cdecl std::basic_ios<char,struct std::char_traits<char> >::setstate(int,bool)" (?setstate@?$basic_ios@DU?$char_traits@D@std@@@std@@QEAAXH_N@Z) already defined in libcpmt.lib(cout.obj)
msvcprt.lib(MSVCP140.dll) : error LNK2005: "public: char __cdecl std::basic_ios<char,struct std::char_traits<char> >::widen(char)const " (?widen@?$basic_ios@DU?$char_traits@D@std@@@std@@QEBADD@Z) already defined in libcpmt.lib(cout.obj)
msvcprt.lib(MSVCP140.dll) : error LNK2005: "protected: __cdecl std::basic_ios<char,struct std::char_traits<char> >::basic_ios<char,struct std::char_traits<char> >(void)" (??0?$basic_ios@DU?$char_traits@D@std@@@std@@IEAA@XZ) already defined in libcpmt.lib(cout.obj)
msvcprt.lib(MSVCP140.dll) : error LNK2005: "public: __cdecl std::basic_ostream<char,struct std::char_traits<char> >::basic_ostream<char,struct std::char_traits<char> >(class std::basic_streambuf<char,struct std::char_traits<char> > *,bool)" (??0?$basic_ostream@DU?$char_traits@D@std@@@std@@QEAA@PEAV?$basic_streambuf@DU?$char_traits@D@std@@@1@_N@Z) already defined in libcpmt.lib(cout.obj)
msvcprt.lib(MSVCP140.dll) : error LNK2005: "public: virtual __cdecl std::basic_ostream<char,struct std::char_traits<char> >::~basic_ostream<char,struct std::char_traits<char> >(void)" (??1?$basic_ostream@DU?$char_traits@D@std@@@std@@UEAA@XZ) already defined in libcpmt.lib(cout.obj)
LINK : warning LNK4098: defaultlib 'MSVCRT' conflicts with use of other libs; use /NODEFAULTLIB:library
LINK : warning LNK4286: symbol '_invalid_parameter_noinfo_noreturn' defined in 'libucrt.lib(invalid_parameter.obj)' is imported by 'GenericCodeGen.lib(CodeGen.obj)'
LINK : warning LNK4286: symbol '_invalid_parameter_noinfo_noreturn' defined in 'libucrt.lib(invalid_parameter.obj)' is imported by 'GenericCodeGen.lib(Link.obj)'
LINK : warning LNK4217: symbol '_invalid_parameter_noinfo_noreturn' defined in 'libucrt.lib(invalid_parameter.obj)' is imported by 'MachineIndependent.lib(glslang_tab.obj)' in function '"public: class std::basic_string<char,struct std::char_traits<char>,class glslang::pool_allocator<char> > __cdecl glslang::TType::getCompleteString(void)const " (?getCompleteString@TType@glslang@@QEBA?AV?$basic_string@DU?$char_traits@D@std@@V?$pool_allocator@D@glslang@@@std@@XZ)'
LINK : warning LNK4217: symbol '_invalid_parameter_noinfo_noreturn' defined in 'libucrt.lib(invalid_parameter.obj)' is imported by 'MachineIndependent.lib(hlslGrammar.obj)' in function '"protected: bool __cdecl glslang::HlslGrammar::acceptType(class glslang::TType &,class TIntermNode * &)" (?acceptType@HlslGrammar@glslang@@IEAA_NAEAVTType@2@AEAPEAVTIntermNode@@@Z)'
LINK : warning LNK4286: symbol '_invalid_parameter_noinfo_noreturn' defined in 'libucrt.lib(invalid_parameter.obj)' is imported by 'MachineIndependent.lib(Pp.obj)'
LINK : warning LNK4286: symbol '_invalid_parameter_noinfo_noreturn' defined in 'libucrt.lib(invalid_parameter.obj)' is imported by 'MachineIndependent.lib(PpTokens.obj)'
LINK : warning LNK4286: symbol '_invalid_parameter_noinfo_noreturn' defined in 'libucrt.lib(invalid_parameter.obj)' is imported by 'MachineIndependent.lib(reflection.obj)'
LINK : warning LNK4286: symbol '_invalid_parameter_noinfo_noreturn' defined in 'libucrt.lib(invalid_parameter.obj)' is imported by 'MachineIndependent.lib(iomapper.obj)'
LINK : warning LNK4286: symbol '_invalid_parameter_noinfo_noreturn' defined in 'libucrt.lib(invalid_parameter.obj)' is imported by 'MachineIndependent.lib(propagateNoContraction.obj)'
LINK : warning LNK4286: symbol '_invalid_parameter_noinfo_noreturn' defined in 'libucrt.lib(invalid_parameter.obj)' is imported by 'MachineIndependent.lib(ParseContextBase.obj)'
LINK : warning LNK4286: symbol '_invalid_parameter_noinfo_noreturn' defined in 'libucrt.lib(invalid_parameter.obj)' is imported by 'MachineIndependent.lib(hlslParseables.obj)'
LINK : warning LNK4286: symbol '_invalid_parameter_noinfo_noreturn' defined in 'libucrt.lib(invalid_parameter.obj)' is imported by 'MachineIndependent.lib(hlslScanContext.obj)'
LINK : warning LNK4286: symbol '_invalid_parameter_noinfo_noreturn' defined in 'libucrt.lib(invalid_parameter.obj)' is imported by 'MachineIndependent.lib(PpContext.obj)'
LINK : warning LNK4286: symbol '_invalid_parameter_noinfo_noreturn' defined in 'libucrt.lib(invalid_parameter.obj)' is imported by 'MachineIndependent.lib(PpScanner.obj)'
LINK : warning LNK4217: symbol '_invalid_parameter_noinfo_noreturn' defined in 'libucrt.lib(invalid_parameter.obj)' is imported by 'MachineIndependent.lib(Intermediate.obj)' in function '"public: class glslang::TIntermTyped * __cdecl glslang::TIntermediate::promoteConstantUnion(enum glslang::TBasicType,class glslang::TIntermConstantUnion *)const " (?promoteConstantUnion@TIntermediate@glslang@@QEBAPEAVTIntermTyped@2@W4TBasicType@2@PEAVTIntermConstantUnion@2@@Z)'
LINK : warning LNK4217: symbol '_invalid_parameter_noinfo_noreturn' defined in 'libucrt.lib(invalid_parameter.obj)' is imported by 'MachineIndependent.lib(intermOut.obj)' in function '"public: virtual bool __cdecl glslang::TOutputTraverser::visitAggregate(enum glslang::TVisit,class glslang::TIntermAggregate *)" (?visitAggregate@TOutputTraverser@glslang@@UEAA_NW4TVisit@2@PEAVTIntermAggregate@2@@Z)'
LINK : warning LNK4286: symbol '_invalid_parameter_noinfo_noreturn' defined in 'libucrt.lib(invalid_parameter.obj)' is imported by 'MachineIndependent.lib(ParseHelper.obj)'
LINK : warning LNK4286: symbol '_invalid_parameter_noinfo_noreturn' defined in 'libucrt.lib(invalid_parameter.obj)' is imported by 'MachineIndependent.lib(hlslParseHelper.obj)'
LINK : warning LNK4286: symbol '_invalid_parameter_noinfo_noreturn' defined in 'libucrt.lib(invalid_parameter.obj)' is imported by 'MachineIndependent.lib(Versions.obj)'
LINK : warning LNK4286: symbol '_invalid_parameter_noinfo_noreturn' defined in 'libucrt.lib(invalid_parameter.obj)' is imported by 'MachineIndependent.lib(InfoSink.obj)'
LINK : warning LNK4286: symbol '_invalid_parameter_noinfo_noreturn' defined in 'libucrt.lib(invalid_parameter.obj)' is imported by 'MachineIndependent.lib(SymbolTable.obj)'
LINK : warning LNK4286: symbol '_invalid_parameter_noinfo_noreturn' defined in 'libucrt.lib(invalid_parameter.obj)' is imported by 'MachineIndependent.lib(Scan.obj)'
LINK : warning LNK4286: symbol '_invalid_parameter_noinfo_noreturn' defined in 'libucrt.lib(invalid_parameter.obj)' is imported by 'SPIRV.lib(InReadableOrder.obj)'
LINK : warning LNK4286: symbol '_invalid_parameter_noinfo_noreturn' defined in 'libucrt.lib(invalid_parameter.obj)' is imported by 'MachineIndependent.lib(ShaderLang.obj)'
LINK : warning LNK4286: symbol '_invalid_parameter_noinfo_noreturn' defined in 'libucrt.lib(invalid_parameter.obj)' is imported by 'MachineIndependent.lib(PoolAlloc.obj)'
LINK : warning LNK4217: symbol '_invalid_parameter_noinfo_noreturn' defined in 'libucrt.lib(invalid_parameter.obj)' is imported by 'MachineIndependent.lib(linkValidate.obj)' in function '"protected: void __cdecl glslang::TIntermediate::mergeErrorCheck(class TInfoSink &,class glslang::TIntermSymbol const &,class glslang::TIntermSymbol const &,bool)" (?mergeErrorCheck@TIntermediate@glslang@@IEAAXAEAVTInfoSink@@AEBVTIntermSymbol@2@1_N@Z)'
LINK : warning LNK4217: symbol '_invalid_parameter_noinfo_noreturn' defined in 'libucrt.lib(invalid_parameter.obj)' is imported by 'SPIRV.lib(GlslangToSpv.obj)' in function '"class std::basic_string<char,struct std::char_traits<char>,class std::allocator<char> > __cdecl std::operator+<char,struct std::char_traits<char>,class std::allocator<char> >(class std::basic_string<char,struct std::char_traits<char>,class std::allocator<char> > const &,char const * const)" (??$?HDU?$char_traits@D@std@@V?$allocator@D@1@@std@@YA?AV?$basic_string@DU?$char_traits@D@std@@V?$allocator@D@2@@0@AEBV10@QEBD@Z)'
LINK : warning LNK4286: symbol '_invalid_parameter_noinfo_noreturn' defined in 'libucrt.lib(invalid_parameter.obj)' is imported by 'SPIRV.lib(Logger.obj)'
LINK : warning LNK4286: symbol '_invalid_parameter_noinfo_noreturn' defined in 'libucrt.lib(invalid_parameter.obj)' is imported by 'SPIRV.lib(SpvBuilder.obj)'
LINK : warning LNK4286: symbol '_invalid_parameter_noinfo_noreturn' defined in 'libucrt.lib(invalid_parameter.obj)' is imported by 'SPIRV.lib(SpvPostProcess.obj)'
LINK : warning LNK4217: symbol 'calloc' defined in 'libucrt.lib(calloc.obj)' is imported by 'SPIRV.lib(GlslangToSpv.obj)' in function '"protected: void __cdecl std::time_get<char,class std::istreambuf_iterator<char,struct std::char_traits<char> > >::_Getvals<wchar_t>(wchar_t,class std::_Locinfo const &)" (??$_Getvals@_W@?$time_get@DV?$istreambuf_iterator@DU?$char_traits@D@std@@@std@@@std@@IEAAX_WAEBV_Locinfo@1@@Z)'
LINK : warning LNK4286: symbol 'calloc' defined in 'libucrt.lib(calloc.obj)' is imported by 'SPIRV.lib(SpvBuilder.obj)'
LINK : warning LNK4286: symbol 'calloc' defined in 'libucrt.lib(calloc.obj)' is imported by 'MachineIndependent.lib(PpContext.obj)'
LINK : warning LNK4217: symbol '__acrt_iob_func' defined in 'libucrt.lib(_file.obj)' is imported by 'MachineIndependent.lib(glslang_tab.obj)' in function '"public: class std::basic_string<char,struct std::char_traits<char>,class glslang::pool_allocator<char> > __cdecl glslang::TType::getCompleteString(void)const " (?getCompleteString@TType@glslang@@QEBA?AV?$basic_string@DU?$char_traits@D@std@@V?$pool_allocator@D@glslang@@@std@@XZ)'
LINK : warning LNK4286: symbol '__acrt_iob_func' defined in 'libucrt.lib(_file.obj)' is imported by 'OSDependent.lib(ossource.obj)'
LINK : warning LNK4217: symbol '__acrt_iob_func' defined in 'libucrt.lib(_file.obj)' is imported by 'SPIRV.lib(GlslangToSpv.obj)' in function 'printf'
LINK : warning LNK4286: symbol '__acrt_iob_func' defined in 'libucrt.lib(_file.obj)' is imported by 'MachineIndependent.lib(ShaderLang.obj)'
LINK : warning LNK4286: symbol '__acrt_iob_func' defined in 'libucrt.lib(_file.obj)' is imported by 'MachineIndependent.lib(InfoSink.obj)'
LINK : warning LNK4286: symbol '__acrt_iob_func' defined in 'libucrt.lib(_file.obj)' is imported by 'MachineIndependent.lib(reflection.obj)'
LINK : warning LNK4217: symbol '_get_stream_buffer_pointers' defined in 'libucrt.lib(_file.obj)' is imported by 'SPIRV.lib(GlslangToSpv.obj)' in function '"public: void __cdecl std::basic_ofstream<char,struct std::char_traits<char> >::open(char const *,int,int)" (?open@?$basic_ofstream@DU?$char_traits@D@std@@@std@@QEAAXPEBDHH@Z)'
LINK : warning LNK4217: symbol 'fclose' defined in 'libucrt.lib(fclose.obj)' is imported by 'SPIRV.lib(GlslangToSpv.obj)' in function '"void __cdecl glslang::OutputSpvBin(class std::vector<unsigned int,class std::allocator<unsigned int> > const &,char const *)" (?OutputSpvBin@glslang@@YAXAEBV?$vector@IV?$allocator@I@std@@@std@@PEBD@Z)'
LINK : warning LNK4217: symbol 'fflush' defined in 'libucrt.lib(fflush.obj)' is imported by 'SPIRV.lib(GlslangToSpv.obj)' in function '"protected: virtual int __cdecl std::basic_filebuf<char,struct std::char_traits<char> >::sync(void)" (?sync@?$basic_filebuf@DU?$char_traits@D@std@@@std@@MEAAHXZ)'
LINK : warning LNK4217: symbol 'fgetc' defined in 'libucrt.lib(fgetc.obj)' is imported by 'SPIRV.lib(GlslangToSpv.obj)' in function '"protected: virtual int __cdecl std::basic_filebuf<char,struct std::char_traits<char> >::uflow(void)" (?uflow@?$basic_filebuf@DU?$char_traits@D@std@@@std@@MEAAHXZ)'
LINK : warning LNK4217: symbol 'fgetpos' defined in 'libucrt.lib(fgetpos.obj)' is imported by 'SPIRV.lib(GlslangToSpv.obj)' in function '"protected: virtual class std::fpos<struct _Mbstatet> __cdecl std::basic_filebuf<char,struct std::char_traits<char> >::seekoff(__int64,int,int)" (?seekoff@?$basic_filebuf@DU?$char_traits@D@std@@@std@@MEAA?AV?$fpos@U_Mbstatet@@@2@_JHH@Z)'
LINK : warning LNK4217: symbol 'fputc' defined in 'libucrt.lib(fputc.obj)' is imported by 'SPIRV.lib(GlslangToSpv.obj)' in function '"protected: virtual int __cdecl std::basic_filebuf<char,struct std::char_traits<char> >::overflow(int)" (?overflow@?$basic_filebuf@DU?$char_traits@D@std@@@std@@MEAAHH@Z)'
LINK : warning LNK4217: symbol 'fread' defined in 'libucrt.lib(fread.obj)' is imported by 'SPIRV.lib(GlslangToSpv.obj)' in function '"protected: virtual __int64 __cdecl std::basic_filebuf<char,struct std::char_traits<char> >::xsgetn(char *,__int64)" (?xsgetn@?$basic_filebuf@DU?$char_traits@D@std@@@std@@MEAA_JPEAD_J@Z)'
LINK : warning LNK4217: symbol 'fsetpos' defined in 'libucrt.lib(fsetpos.obj)' is imported by 'SPIRV.lib(GlslangToSpv.obj)' in function '"protected: virtual class std::fpos<struct _Mbstatet> __cdecl std::basic_filebuf<char,struct std::char_traits<char> >::seekpos(class std::fpos<struct _Mbstatet>,int)" (?seekpos@?$basic_filebuf@DU?$char_traits@D@std@@@std@@MEAA?AV?$fpos@U_Mbstatet@@@2@V32@H@Z)'
LINK : warning LNK4217: symbol '_fseeki64' defined in 'libucrt.lib(fseek.obj)' is imported by 'SPIRV.lib(GlslangToSpv.obj)' in function '"protected: virtual class std::fpos<struct _Mbstatet> __cdecl std::basic_filebuf<char,struct std::char_traits<char> >::seekoff(__int64,int,int)" (?seekoff@?$basic_filebuf@DU?$char_traits@D@std@@@std@@MEAA?AV?$fpos@U_Mbstatet@@@2@_JHH@Z)'
LINK : warning LNK4217: symbol 'fwrite' defined in 'libucrt.lib(fwrite.obj)' is imported by 'SPIRV.lib(GlslangToSpv.obj)' in function '"protected: bool __cdecl std::basic_filebuf<char,struct std::char_traits<char> >::_Endwrite(void)" (?_Endwrite@?$basic_filebuf@DU?$char_traits@D@std@@@std@@IEAA_NXZ)'
LINK : warning LNK4217: symbol 'setvbuf' defined in 'libucrt.lib(setvbuf.obj)' is imported by 'SPIRV.lib(GlslangToSpv.obj)' in function '"protected: virtual class std::basic_streambuf<char,struct std::char_traits<char> > * __cdecl std::basic_filebuf<char,struct std::char_traits<char> >::setbuf(char *,__int64)" (?setbuf@?$basic_filebuf@DU?$char_traits@D@std@@@std@@MEAAPEAV?$basic_streambuf@DU?$char_traits@D@std@@@2@PEAD_J@Z)'
LINK : warning LNK4217: symbol 'ungetc' defined in 'libucrt.lib(ungetc.obj)' is imported by 'SPIRV.lib(GlslangToSpv.obj)' in function '"protected: virtual int __cdecl std::basic_filebuf<char,struct std::char_traits<char> >::pbackfail(int)" (?pbackfail@?$basic_filebuf@DU?$char_traits@D@std@@@std@@MEAAHH@Z)'
LINK : warning LNK4217: symbol '_lock_file' defined in 'libucrt.lib(_file.obj)' is imported by 'SPIRV.lib(GlslangToSpv.obj)' in function '"public: virtual void __cdecl std::basic_filebuf<char,struct std::char_traits<char> >::_Lock(void)" (?_Lock@?$basic_filebuf@DU?$char_traits@D@std@@@std@@UEAAXXZ)'
LINK : warning LNK4217: symbol '_unlock_file' defined in 'libucrt.lib(_file.obj)' is imported by 'SPIRV.lib(GlslangToSpv.obj)' in function '"public: virtual void __cdecl std::basic_filebuf<char,struct std::char_traits<char> >::_Unlock(void)" (?_Unlock@?$basic_filebuf@DU?$char_traits@D@std@@@std@@UEAAXXZ)'
LINK : warning LNK4286: symbol '__stdio_common_vfprintf' defined in 'libucrt.lib(output.obj)' is imported by 'MachineIndependent.lib(glslang_tab.obj)'
LINK : warning LNK4286: symbol '__stdio_common_vfprintf' defined in 'libucrt.lib(output.obj)' is imported by 'OSDependent.lib(ossource.obj)'
LINK : warning LNK4217: symbol '__stdio_common_vfprintf' defined in 'libucrt.lib(output.obj)' is imported by 'SPIRV.lib(GlslangToSpv.obj)' in function 'printf'
LINK : warning LNK4286: symbol '__stdio_common_vfprintf' defined in 'libucrt.lib(output.obj)' is imported by 'MachineIndependent.lib(ShaderLang.obj)'
LINK : warning LNK4286: symbol '__stdio_common_vfprintf' defined in 'libucrt.lib(output.obj)' is imported by 'MachineIndependent.lib(InfoSink.obj)'
LINK : warning LNK4286: symbol '__stdio_common_vfprintf' defined in 'libucrt.lib(output.obj)' is imported by 'MachineIndependent.lib(reflection.obj)'
LINK : warning LNK4286: symbol '__stdio_common_vsprintf' defined in 'libucrt.lib(output.obj)' is imported by 'MachineIndependent.lib(Pp.obj)'
LINK : warning LNK4286: symbol '__stdio_common_vsprintf' defined in 'libucrt.lib(output.obj)' is imported by 'MachineIndependent.lib(PpTokens.obj)'
LINK : warning LNK4286: symbol '__stdio_common_vsprintf' defined in 'libucrt.lib(output.obj)' is imported by 'MachineIndependent.lib(hlslScanContext.obj)'
LINK : warning LNK4286: symbol '__stdio_common_vsprintf' defined in 'libucrt.lib(output.obj)' is imported by 'MachineIndependent.lib(PpScanner.obj)'
LINK : warning LNK4286: symbol '__stdio_common_vsprintf' defined in 'libucrt.lib(output.obj)' is imported by 'MachineIndependent.lib(ParseContextBase.obj)'
LINK : warning LNK4286: symbol '__stdio_common_vsprintf' defined in 'libucrt.lib(output.obj)' is imported by 'MachineIndependent.lib(glslang_tab.obj)'
LINK : warning LNK4217: symbol '__stdio_common_vsprintf' defined in 'libucrt.lib(output.obj)' is imported by 'MachineIndependent.lib(intermOut.obj)' in function '"public: virtual bool __cdecl glslang::TOutputTraverser::visitBranch(enum glslang::TVisit,class glslang::TIntermBranch *)" (?visitBranch@TOutputTraverser@glslang@@UEAA_NW4TVisit@2@PEAVTIntermBranch@2@@Z)'
LINK : warning LNK4286: symbol '__stdio_common_vsprintf' defined in 'libucrt.lib(output.obj)' is imported by 'MachineIndependent.lib(ParseHelper.obj)'
LINK : warning LNK4286: symbol '__stdio_common_vsprintf' defined in 'libucrt.lib(output.obj)' is imported by 'MachineIndependent.lib(hlslParseHelper.obj)'
LINK : warning LNK4286: symbol '__stdio_common_vsprintf' defined in 'libucrt.lib(output.obj)' is imported by 'MachineIndependent.lib(Initialize.obj)'
LINK : warning LNK4217: symbol '__stdio_common_vsprintf' defined in 'libucrt.lib(output.obj)' is imported by 'SPIRV.lib(GlslangToSpv.obj)' in function 'snprintf'
LINK : warning LNK4217: symbol '__stdio_common_vsprintf' defined in 'libucrt.lib(output.obj)' is imported by 'MachineIndependent.lib(Versions.obj)' in function '"public: virtual void __cdecl glslang::TParseVersions::initializeExtensionBehavior(void)" (?initializeExtensionBehavior@TParseVersions@glslang@@UEAAXXZ)'
LINK : warning LNK4286: symbol '__stdio_common_vsprintf' defined in 'libucrt.lib(output.obj)' is imported by 'MachineIndependent.lib(SymbolTable.obj)'
LINK : warning LNK4286: symbol '__stdio_common_vsprintf' defined in 'libucrt.lib(output.obj)' is imported by 'MachineIndependent.lib(Scan.obj)'
LINK : warning LNK4286: symbol '_wassert' defined in 'libucrt.lib(assert.obj)' is imported by 'MachineIndependent.lib(hlslTokenStream.obj)'
LINK : warning LNK4286: symbol '_wassert' defined in 'libucrt.lib(assert.obj)' is imported by 'MachineIndependent.lib(PpTokens.obj)'
LINK : warning LNK4286: symbol '_wassert' defined in 'libucrt.lib(assert.obj)' is imported by 'OGLCompiler.lib(InitializeDll.obj)'
LINK : warning LNK4286: symbol '_wassert' defined in 'libucrt.lib(assert.obj)' is imported by 'OSDependent.lib(ossource.obj)'
LINK : warning LNK4286: symbol '_wassert' defined in 'libucrt.lib(assert.obj)' is imported by 'MachineIndependent.lib(glslang_tab.obj)'
LINK : warning LNK4217: symbol '_wassert' defined in 'libucrt.lib(assert.obj)' is imported by 'MachineIndependent.lib(hlslGrammar.obj)' in function '"protected: bool __cdecl glslang::HlslGrammar::acceptType(class glslang::TType &,class TIntermNode * &)" (?acceptType@HlslGrammar@glslang@@IEAA_NAEAVTType@2@AEAPEAVTIntermNode@@@Z)'
LINK : warning LNK4286: symbol '_wassert' defined in 'libucrt.lib(assert.obj)' is imported by 'MachineIndependent.lib(Pp.obj)'
LINK : warning LNK4286: symbol '_wassert' defined in 'libucrt.lib(assert.obj)' is imported by 'MachineIndependent.lib(parseConst.obj)'
LINK : warning LNK4286: symbol '_wassert' defined in 'libucrt.lib(assert.obj)' is imported by 'MachineIndependent.lib(iomapper.obj)'
LINK : warning LNK4286: symbol '_wassert' defined in 'libucrt.lib(assert.obj)' is imported by 'MachineIndependent.lib(Constant.obj)'
LINK : warning LNK4286: symbol '_wassert' defined in 'libucrt.lib(assert.obj)' is imported by 'MachineIndependent.lib(propagateNoContraction.obj)'
LINK : warning LNK4286: symbol '_wassert' defined in 'libucrt.lib(assert.obj)' is imported by 'MachineIndependent.lib(ParseContextBase.obj)'
LINK : warning LNK4286: symbol '_wassert' defined in 'libucrt.lib(assert.obj)' is imported by 'MachineIndependent.lib(Initialize.obj)'
LINK : warning LNK4286: symbol '_wassert' defined in 'libucrt.lib(assert.obj)' is imported by 'MachineIndependent.lib(PpContext.obj)'
LINK : warning LNK4286: symbol '_wassert' defined in 'libucrt.lib(assert.obj)' is imported by 'MachineIndependent.lib(PpScanner.obj)'
LINK : warning LNK4286: symbol '_wassert' defined in 'libucrt.lib(assert.obj)' is imported by 'MachineIndependent.lib(reflection.obj)'
LINK : warning LNK4286: symbol '_wassert' defined in 'libucrt.lib(assert.obj)' is imported by 'MachineIndependent.lib(Intermediate.obj)'
LINK : warning LNK4286: symbol '_wassert' defined in 'libucrt.lib(assert.obj)' is imported by 'MachineIndependent.lib(intermOut.obj)'
LINK : warning LNK4286: symbol '_wassert' defined in 'libucrt.lib(assert.obj)' is imported by 'MachineIndependent.lib(ParseHelper.obj)'
LINK : warning LNK4286: symbol '_wassert' defined in 'libucrt.lib(assert.obj)' is imported by 'MachineIndependent.lib(hlslParseHelper.obj)'
LINK : warning LNK4286: symbol '_wassert' defined in 'libucrt.lib(assert.obj)' is imported by 'MachineIndependent.lib(ShaderLang.obj)'
LINK : warning LNK4286: symbol '_wassert' defined in 'libucrt.lib(assert.obj)' is imported by 'MachineIndependent.lib(linkValidate.obj)'
LINK : warning LNK4286: symbol '_wassert' defined in 'libucrt.lib(assert.obj)' is imported by 'MachineIndependent.lib(Versions.obj)'
LINK : warning LNK4286: symbol '_wassert' defined in 'libucrt.lib(assert.obj)' is imported by 'MachineIndependent.lib(SymbolTable.obj)'
LINK : warning LNK4217: symbol '_wassert' defined in 'libucrt.lib(assert.obj)' is imported by 'SPIRV.lib(GlslangToSpv.obj)' in function '"void __cdecl glslang::RoundToPow2<int>(int &,int)" (??$RoundToPow2@H@glslang@@YAXAEAHH@Z)'
LINK : warning LNK4286: symbol '_wassert' defined in 'libucrt.lib(assert.obj)' is imported by 'SPIRV.lib(SpvBuilder.obj)'
LINK : warning LNK4286: symbol '_wassert' defined in 'libucrt.lib(assert.obj)' is imported by 'SPIRV.lib(SpvPostProcess.obj)'
LINK : warning LNK4286: symbol '_wassert' defined in 'libucrt.lib(assert.obj)' is imported by 'SPIRV.lib(InReadableOrder.obj)'
LINK : warning LNK4217: symbol 'strncmp' defined in 'libucrt.lib(strncmp.obj)' is imported by 'SPIRV.lib(SpvBuilder.obj)' in function '"public: void __cdecl spv::Builder::setLine(int,char const *)" (?setLine@Builder@spv@@QEAAXHPEBD@Z)'
LINK : warning LNK4286: symbol 'strncmp' defined in 'libucrt.lib(strncmp.obj)' is imported by 'MachineIndependent.lib(Scan.obj)'
LINK : warning LNK4286: symbol 'strncmp' defined in 'libucrt.lib(strncmp.obj)' is imported by 'MachineIndependent.lib(ParseHelper.obj)'
LINK : warning LNK4217: symbol 'strncmp' defined in 'libucrt.lib(strncmp.obj)' is imported by 'MachineIndependent.lib(Pp.obj)' in function '"private: void __cdecl std::vector<class glslang::TPpContext::TokenStream *,class glslang::pool_allocator<class glslang::TPpContext::TokenStream *> >::_Resize_reallocate<struct std::_Value_init_tag>(unsigned __int64,struct std::_Value_init_tag const &)" (??$_Resize_reallocate@U_Value_init_tag@std@@@?$vector@PEAVTokenStream@TPpContext@glslang@@V?$pool_allocator@PEAVTokenStream@TPpContext@glslang@@@3@@std@@AEAAX_KAEBU_Value_init_tag@1@@Z)'
LINK : warning LNK4217: symbol '_itoa_s' defined in 'libucrt.lib(xtoa.obj)' is imported by 'MachineIndependent.lib(intermOut.obj)' in function '"public: virtual bool __cdecl glslang::TOutputTraverser::visitUnary(enum glslang::TVisit,class glslang::TIntermUnary *)" (?visitUnary@TOutputTraverser@glslang@@UEAA_NW4TVisit@2@PEAVTIntermUnary@2@@Z)'
LINK : warning LNK4286: symbol '_itoa_s' defined in 'libucrt.lib(xtoa.obj)' is imported by 'MachineIndependent.lib(hlslParseHelper.obj)'
LINK : warning LNK4217: symbol '_itoa_s' defined in 'libucrt.lib(xtoa.obj)' is imported by 'MachineIndependent.lib(reflection.obj)' in function '"struct glslang::TArraySize * __cdecl std::_Copy_backward_memmove<struct glslang::TArraySize *,struct glslang::TArraySize *>(struct glslang::TArraySize *,struct glslang::TArraySize *,struct glslang::TArraySize *)" (??$_Copy_backward_memmove@PEAUTArraySize@glslang@@PEAU12@@std@@YAPEAUTArraySize@glslang@@PEAU12@00@Z)'
LINK : warning LNK4217: symbol '_itoa_s' defined in 'libucrt.lib(xtoa.obj)' is imported by 'MachineIndependent.lib(ShaderLang.obj)' in function '"public: class glslang::TInfoSinkBase & __cdecl glslang::TInfoSinkBase::operator<<(int)" (??6TInfoSinkBase@glslang@@QEAAAEAV01@H@Z)'
LINK : warning LNK4286: symbol '_itoa_s' defined in 'libucrt.lib(xtoa.obj)' is imported by 'MachineIndependent.lib(linkValidate.obj)'
LINK : warning LNK4286: symbol '_itoa_s' defined in 'libucrt.lib(xtoa.obj)' is imported by 'MachineIndependent.lib(Versions.obj)'
LINK : warning LNK4217: symbol '_itoa_s' defined in 'libucrt.lib(xtoa.obj)' is imported by 'MachineIndependent.lib(SymbolTable.obj)' in function '"public: bool __cdecl glslang::TType::contains<class <lambda_c2d9e61403fb528ec2aab39598531d02> >(class <lambda_c2d9e61403fb528ec2aab39598531d02>)const " (??$contains@V<lambda_c2d9e61403fb528ec2aab39598531d02>@@@TType@glslang@@QEBA_NV<lambda_c2d9e61403fb528ec2aab39598531d02>@@@Z)'
LINK : warning LNK4217: symbol 'tolower' defined in 'libucrt.lib(tolower_toupper.obj)' is imported by 'MachineIndependent.lib(ParseHelper.obj)' in function '"public: void __cdecl glslang::TParseContext::setLayoutQualifier(struct glslang::TSourceLoc const &,class glslang::TPublicType &,class std::basic_string<char,struct std::char_traits<char>,class glslang::pool_allocator<char> > &)" (?setLayoutQualifier@TParseContext@glslang@@QEAAXAEBUTSourceLoc@2@AEAVTPublicType@2@AEAV?$basic_string@DU?$char_traits@D@std@@V?$pool_allocator@D@glslang@@@std@@@Z)'
LINK : warning LNK4286: symbol 'tolower' defined in 'libucrt.lib(tolower_toupper.obj)' is imported by 'MachineIndependent.lib(hlslParseHelper.obj)'
LINK : warning LNK4286: symbol 'tolower' defined in 'libucrt.lib(tolower_toupper.obj)' is imported by 'MachineIndependent.lib(attribute.obj)'
LINK : warning LNK4217: symbol 'tolower' defined in 'libucrt.lib(tolower_toupper.obj)' is imported by 'MachineIndependent.lib(hlslGrammar.obj)' in function '"protected: bool __cdecl glslang::HlslGrammar::acceptType(class glslang::TType &,class TIntermNode * &)" (?acceptType@HlslGrammar@glslang@@IEAA_NAEAVTType@2@AEAPEAVTIntermNode@@@Z)'
LINK : warning LNK4217: symbol 'atoi' defined in 'libucrt.lib(atox.obj)' is imported by 'MachineIndependent.lib(hlslParseHelper.obj)' in function '"public: unsigned int __cdecl <lambda_6a38a504ed097a7df7af5c5efdd360e0>::operator()(class std::basic_string<char,struct std::char_traits<char>,class glslang::pool_allocator<char> > const &,unsigned int,char const *)const " (??R<lambda_6a38a504ed097a7df7af5c5efdd360e0>@@QEBAIAEBV?$basic_string@DU?$char_traits@D@std@@V?$pool_allocator@D@glslang@@@std@@IPEBD@Z)'
LINK : warning LNK4286: symbol 'atoi' defined in 'libucrt.lib(atox.obj)' is imported by 'MachineIndependent.lib(iomapper.obj)'
LINK : warning LNK4286: symbol 'atoi' defined in 'libucrt.lib(atox.obj)' is imported by 'MachineIndependent.lib(Pp.obj)'
LINK : warning LNK4217: symbol 'isdigit' defined in 'libucrt.lib(_ctype.obj)' is imported by 'MachineIndependent.lib(hlslParseHelper.obj)' in function '"public: bool __cdecl <lambda_dba12eca57e367bb68ba120537dc23ae>::operator()(void)const " (??R<lambda_dba12eca57e367bb68ba120537dc23ae>@@QEBA_NXZ)'
LINK : warning LNK4286: symbol 'isdigit' defined in 'libucrt.lib(_ctype.obj)' is imported by 'MachineIndependent.lib(hlslParseables.obj)'
LINK : warning LNK4286: symbol 'isdigit' defined in 'libucrt.lib(_ctype.obj)' is imported by 'MachineIndependent.lib(hlslGrammar.obj)'
LINK : warning LNK4217: symbol 'isalpha' defined in 'libucrt.lib(_ctype.obj)' is imported by 'MachineIndependent.lib(hlslParseables.obj)' in function '"public: virtual void __cdecl glslang::TBuiltInParseablesHlsl::initialize(int,enum EProfile,struct glslang::SpvVersion const &)" (?initialize@TBuiltInParseablesHlsl@glslang@@UEAAXHW4EProfile@@AEBUSpvVersion@2@@Z)'
LINK : warning LNK4217: symbol 'strtoul' defined in 'libucrt.lib(strtox.obj)' is imported by 'MachineIndependent.lib(propagateNoContraction.obj)' in function '"protected: virtual bool __cdecl `anonymous namespace'::TNoContractionPropagator::visitAggregate(enum glslang::TVisit,class glslang::TIntermAggregate *)" (?visitAggregate@TNoContractionPropagator@?A0xbb7a8510@@MEAA_NW4TVisit@glslang@@PEAVTIntermAggregate@4@@Z)'
LINK : warning LNK4217: symbol 'free' defined in 'libucrt.lib(free.obj)' is imported by 'MachineIndependent.lib(glslang_tab.obj)' in function '"int __cdecl yyparse(class glslang::TParseContext *)" (?yyparse@@YAHPEAVTParseContext@glslang@@@Z)'
LINK : warning LNK4217: symbol 'malloc' defined in 'libucrt.lib(malloc.obj)' is imported by 'MachineIndependent.lib(glslang_tab.obj)' in function '"int __cdecl yyparse(class glslang::TParseContext *)" (?yyparse@@YAHPEAVTParseContext@glslang@@@Z)'
LINK : warning LNK4217: symbol 'toupper' defined in 'libucrt.lib(tolower_toupper.obj)' is imported by 'MachineIndependent.lib(hlslGrammar.obj)' in function '"protected: bool __cdecl glslang::HlslGrammar::acceptPostDecls(class glslang::TQualifier &)" (?acceptPostDecls@HlslGrammar@glslang@@IEAA_NAEAVTQualifier@2@@Z)'
MachineIndependent.lib(intermOut.obj) : error LNK2019: unresolved external symbol __imp__fpclass referenced in function "void __cdecl glslang::OutputDouble(class TInfoSink &,double,enum glslang::TOutputTraverser::EExtraOutput)" (?OutputDouble@glslang@@YAXAEAVTInfoSink@@NW4EExtraOutput@TOutputTraverser@1@@Z)
MachineIndependent.lib(ParseHelper.obj) : error LNK2019: unresolved external symbol __imp_log2 referenced in function "double __cdecl log2<int,0>(int)" (??$log2@H$0A@@@YANH@Z)
C:\PROJECTS\VulkanAbstractRenderer-VAR\bin\Release-windows-x86_64\VAR\VAR.exe : fatal error LNK1120: 2 unresolved externals
