c:\projects\vulkanabstractrenderer-var\var\var.dir\debug\instance.obj
c:\projects\vulkanabstractrenderer-var\var\var.dir\debug\logicaldevice.obj
c:\projects\vulkanabstractrenderer-var\var\var.dir\debug\validationlayers.obj
c:\projects\vulkanabstractrenderer-var\var\var.dir\debug\readfile.obj
c:\projects\vulkanabstractrenderer-var\var\var.dir\debug\windowmultiplatform.obj
c:\projects\vulkanabstractrenderer-var\var\var.dir\debug\main.obj
c:\projects\vulkanabstractrenderer-var\var\var.dir\debug\logger.obj
c:\projects\vulkanabstractrenderer-var\var\var.dir\debug\renderer.obj
c:\projects\vulkanabstractrenderer-var\var\var.dir\debug\physicaldevice.obj
c:\projects\vulkanabstractrenderer-var\var\var.dir\debug\swapchain.obj
c:\projects\vulkanabstractrenderer-var\var\var.dir\debug\imageviews.obj
c:\projects\vulkanabstractrenderer-var\var\debug\var.pch
c:\projects\vulkanabstractrenderer-var\var\var.dir\debug\vc142.pdb
c:\projects\vulkanabstractrenderer-var\var\var.dir\debug\vc142.idb
c:\projects\vulkanabstractrenderer-var\var\var.dir\debug\pch.obj
c:\projects\vulkanabstractrenderer-var\var\var.dir\debug\compileshader.obj
c:\projects\vulkanabstractrenderer-var\var\var.dir\debug\getsuffix.obj
c:\projects\vulkanabstractrenderer-var\var\var.dir\debug\getshadertype.obj
c:\projects\vulkanabstractrenderer-var\var\cmakefiles\generate.stamp
c:\projects\vulkanabstractrenderer-var\bin\debug-windows-x86_64\var\var.ilk
c:\projects\vulkanabstractrenderer-var\bin\debug-windows-x86_64\var\var.exe
c:\projects\vulkanabstractrenderer-var\bin\debug-windows-x86_64\var\var.pdb
c:\projects\vulkanabstractrenderer-var\var\var.dir\debug\var.tlog\cl.command.1.tlog
c:\projects\vulkanabstractrenderer-var\var\var.dir\debug\var.tlog\cl.read.1.tlog
c:\projects\vulkanabstractrenderer-var\var\var.dir\debug\var.tlog\cl.write.1.tlog
c:\projects\vulkanabstractrenderer-var\var\var.dir\debug\var.tlog\custombuild.command.1.tlog
c:\projects\vulkanabstractrenderer-var\var\var.dir\debug\var.tlog\custombuild.read.1.tlog
c:\projects\vulkanabstractrenderer-var\var\var.dir\debug\var.tlog\custombuild.write.1.tlog
c:\projects\vulkanabstractrenderer-var\var\var.dir\debug\var.tlog\link.command.1.tlog
c:\projects\vulkanabstractrenderer-var\var\var.dir\debug\var.tlog\link.read.1.tlog
c:\projects\vulkanabstractrenderer-var\var\var.dir\debug\var.tlog\link.write.1.tlog
